  Money.cpp
  Money_Private.cpp
C:\Users\Dyzak\Desktop\студент 2\лабораторна 3\Project3.3\Project3.3\Money_Private.cpp(19,116): warning C4244: аргумент: преобразование "double" в "int", возможна потеря данных
C:\Users\Dyzak\Desktop\студент 2\лабораторна 3\Project3.3\Project3.3\Money_Private.cpp(19,105): warning C4244: аргумент: преобразование "double" в "int", возможна потеря данных
C:\Users\Dyzak\Desktop\студент 2\лабораторна 3\Project3.3\Project3.3\Money_Private.cpp(19,94): warning C4244: аргумент: преобразование "double" в "int", возможна потеря данных
C:\Users\Dyzak\Desktop\студент 2\лабораторна 3\Project3.3\Project3.3\Money_Private.cpp(19,83): warning C4244: аргумент: преобразование "double" в "int", возможна потеря данных
C:\Users\Dyzak\Desktop\студент 2\лабораторна 3\Project3.3\Project3.3\Money_Private.cpp(19,71): warning C4244: аргумент: преобразование "double" в "int", возможна потеря данных
C:\Users\Dyzak\Desktop\студент 2\лабораторна 3\Project3.3\Project3.3\Money_Private.cpp(19,59): warning C4244: аргумент: преобразование "double" в "int", возможна потеря данных
C:\Users\Dyzak\Desktop\студент 2\лабораторна 3\Project3.3\Project3.3\Money_Private.cpp(19,47): warning C4244: аргумент: преобразование "double" в "int", возможна потеря данных
C:\Users\Dyzak\Desktop\студент 2\лабораторна 3\Project3.3\Project3.3\Money_Private.cpp(19,34): warning C4244: аргумент: преобразование "double" в "int", возможна потеря данных
C:\Users\Dyzak\Desktop\студент 2\лабораторна 3\Project3.3\Project3.3\Money_Private.cpp(19,21): warning C4244: аргумент: преобразование "double" в "int", возможна потеря данных
C:\Users\Dyzak\Desktop\студент 2\лабораторна 3\Project3.3\Project3.3\Money_Private.cpp(30,34): warning C4244: аргумент: преобразование "double" в "int", возможна потеря данных
C:\Users\Dyzak\Desktop\студент 2\лабораторна 3\Project3.3\Project3.3\Money_Private.cpp(35,35): warning C4244: аргумент: преобразование "double" в "int", возможна потеря данных
C:\Users\Dyzak\Desktop\студент 2\лабораторна 3\Project3.3\Project3.3\Money_Private.cpp(41,35): warning C4244: аргумент: преобразование "double" в "int", возможна потеря данных
C:\Users\Dyzak\Desktop\студент 2\лабораторна 3\Project3.3\Project3.3\Money_Private.cpp(47,35): warning C4244: аргумент: преобразование "double" в "int", возможна потеря данных
C:\Users\Dyzak\Desktop\студент 2\лабораторна 3\Project3.3\Project3.3\Money_Private.cpp(52,115): warning C4244: аргумент: преобразование "double" в "int", возможна потеря данных
C:\Users\Dyzak\Desktop\студент 2\лабораторна 3\Project3.3\Project3.3\Money_Private.cpp(52,104): warning C4244: аргумент: преобразование "double" в "int", возможна потеря данных
C:\Users\Dyzak\Desktop\студент 2\лабораторна 3\Project3.3\Project3.3\Money_Private.cpp(52,93): warning C4244: аргумент: преобразование "double" в "int", возможна потеря данных
C:\Users\Dyzak\Desktop\студент 2\лабораторна 3\Project3.3\Project3.3\Money_Private.cpp(52,82): warning C4244: аргумент: преобразование "double" в "int", возможна потеря данных
C:\Users\Dyzak\Desktop\студент 2\лабораторна 3\Project3.3\Project3.3\Money_Private.cpp(52,70): warning C4244: аргумент: преобразование "double" в "int", возможна потеря данных
C:\Users\Dyzak\Desktop\студент 2\лабораторна 3\Project3.3\Project3.3\Money_Private.cpp(52,58): warning C4244: аргумент: преобразование "double" в "int", возможна потеря данных
C:\Users\Dyzak\Desktop\студент 2\лабораторна 3\Project3.3\Project3.3\Money_Private.cpp(52,46): warning C4244: аргумент: преобразование "double" в "int", возможна потеря данных
C:\Users\Dyzak\Desktop\студент 2\лабораторна 3\Project3.3\Project3.3\Money_Private.cpp(52,33): warning C4244: аргумент: преобразование "double" в "int", возможна потеря данных
C:\Users\Dyzak\Desktop\студент 2\лабораторна 3\Project3.3\Project3.3\Money_Private.cpp(52,20): warning C4244: аргумент: преобразование "double" в "int", возможна потеря данных
C:\Users\Dyzak\Desktop\студент 2\лабораторна 3\Project3.3\Project3.3\Money_Private.cpp(106,233): warning C4244: аргумент: преобразование "double" в "int", возможна потеря данных
C:\Users\Dyzak\Desktop\студент 2\лабораторна 3\Project3.3\Project3.3\Money_Private.cpp(106,210): warning C4244: аргумент: преобразование "double" в "int", возможна потеря данных
C:\Users\Dyzak\Desktop\студент 2\лабораторна 3\Project3.3\Project3.3\Money_Private.cpp(106,187): warning C4244: аргумент: преобразование "double" в "int", возможна потеря данных
C:\Users\Dyzak\Desktop\студент 2\лабораторна 3\Project3.3\Project3.3\Money_Private.cpp(106,163): warning C4244: аргумент: преобразование "double" в "int", возможна потеря данных
C:\Users\Dyzak\Desktop\студент 2\лабораторна 3\Project3.3\Project3.3\Money_Private.cpp(106,138): warning C4244: аргумент: преобразование "double" в "int", возможна потеря данных
C:\Users\Dyzak\Desktop\студент 2\лабораторна 3\Project3.3\Project3.3\Money_Private.cpp(106,113): warning C4244: аргумент: преобразование "double" в "int", возможна потеря данных
C:\Users\Dyzak\Desktop\студент 2\лабораторна 3\Project3.3\Project3.3\Money_Private.cpp(106,87): warning C4244: аргумент: преобразование "double" в "int", возможна потеря данных
C:\Users\Dyzak\Desktop\студент 2\лабораторна 3\Project3.3\Project3.3\Money_Private.cpp(106,60): warning C4244: аргумент: преобразование "double" в "int", возможна потеря данных
C:\Users\Dyzak\Desktop\студент 2\лабораторна 3\Project3.3\Project3.3\Money_Private.cpp(106,33): warning C4244: аргумент: преобразование "double" в "int", возможна потеря данных
C:\Users\Dyzak\Desktop\студент 2\лабораторна 3\Project3.3\Project3.3\Money_Private.cpp(112,233): warning C4244: аргумент: преобразование "double" в "int", возможна потеря данных
C:\Users\Dyzak\Desktop\студент 2\лабораторна 3\Project3.3\Project3.3\Money_Private.cpp(112,210): warning C4244: аргумент: преобразование "double" в "int", возможна потеря данных
C:\Users\Dyzak\Desktop\студент 2\лабораторна 3\Project3.3\Project3.3\Money_Private.cpp(112,187): warning C4244: аргумент: преобразование "double" в "int", возможна потеря данных
C:\Users\Dyzak\Desktop\студент 2\лабораторна 3\Project3.3\Project3.3\Money_Private.cpp(112,163): warning C4244: аргумент: преобразование "double" в "int", возможна потеря данных
C:\Users\Dyzak\Desktop\студент 2\лабораторна 3\Project3.3\Project3.3\Money_Private.cpp(112,138): warning C4244: аргумент: преобразование "double" в "int", возможна потеря данных
C:\Users\Dyzak\Desktop\студент 2\лабораторна 3\Project3.3\Project3.3\Money_Private.cpp(112,113): warning C4244: аргумент: преобразование "double" в "int", возможна потеря данных
C:\Users\Dyzak\Desktop\студент 2\лабораторна 3\Project3.3\Project3.3\Money_Private.cpp(112,87): warning C4244: аргумент: преобразование "double" в "int", возможна потеря данных
C:\Users\Dyzak\Desktop\студент 2\лабораторна 3\Project3.3\Project3.3\Money_Private.cpp(112,60): warning C4244: аргумент: преобразование "double" в "int", возможна потеря данных
C:\Users\Dyzak\Desktop\студент 2\лабораторна 3\Project3.3\Project3.3\Money_Private.cpp(112,33): warning C4244: аргумент: преобразование "double" в "int", возможна потеря данных
C:\Users\Dyzak\Desktop\студент 2\лабораторна 3\Project3.3\Project3.3\Money_Private.cpp(119,339): warning C4244: аргумент: преобразование "double" в "int", возможна потеря данных
C:\Users\Dyzak\Desktop\студент 2\лабораторна 3\Project3.3\Project3.3\Money_Private.cpp(119,305): warning C4244: аргумент: преобразование "double" в "int", возможна потеря данных
C:\Users\Dyzak\Desktop\студент 2\лабораторна 3\Project3.3\Project3.3\Money_Private.cpp(119,271): warning C4244: аргумент: преобразование "double" в "int", возможна потеря данных
C:\Users\Dyzak\Desktop\студент 2\лабораторна 3\Project3.3\Project3.3\Money_Private.cpp(119,237): warning C4244: аргумент: преобразование "double" в "int", возможна потеря данных
C:\Users\Dyzak\Desktop\студент 2\лабораторна 3\Project3.3\Project3.3\Money_Private.cpp(119,201): warning C4244: аргумент: преобразование "double" в "int", возможна потеря данных
C:\Users\Dyzak\Desktop\студент 2\лабораторна 3\Project3.3\Project3.3\Money_Private.cpp(119,165): warning C4244: аргумент: преобразование "double" в "int", возможна потеря данных
C:\Users\Dyzak\Desktop\студент 2\лабораторна 3\Project3.3\Project3.3\Money_Private.cpp(119,129): warning C4244: аргумент: преобразование "double" в "int", возможна потеря данных
C:\Users\Dyzak\Desktop\студент 2\лабораторна 3\Project3.3\Project3.3\Money_Private.cpp(119,91): warning C4244: аргумент: преобразование "double" в "int", возможна потеря данных
C:\Users\Dyzak\Desktop\студент 2\лабораторна 3\Project3.3\Project3.3\Money_Private.cpp(119,53): warning C4244: аргумент: преобразование "double" в "int", возможна потеря данных
  Money_Public.cpp
C:\Users\Dyzak\Desktop\студент 2\лабораторна 3\Project3.3\Project3.3\Money_Public.cpp(19,117): warning C4244: аргумент: преобразование "double" в "int", возможна потеря данных
C:\Users\Dyzak\Desktop\студент 2\лабораторна 3\Project3.3\Project3.3\Money_Public.cpp(19,106): warning C4244: аргумент: преобразование "double" в "int", возможна потеря данных
C:\Users\Dyzak\Desktop\студент 2\лабораторна 3\Project3.3\Project3.3\Money_Public.cpp(19,95): warning C4244: аргумент: преобразование "double" в "int", возможна потеря данных
C:\Users\Dyzak\Desktop\студент 2\лабораторна 3\Project3.3\Project3.3\Money_Public.cpp(19,84): warning C4244: аргумент: преобразование "double" в "int", возможна потеря данных
C:\Users\Dyzak\Desktop\студент 2\лабораторна 3\Project3.3\Project3.3\Money_Public.cpp(19,72): warning C4244: аргумент: преобразование "double" в "int", возможна потеря данных
C:\Users\Dyzak\Desktop\студент 2\лабораторна 3\Project3.3\Project3.3\Money_Public.cpp(19,60): warning C4244: аргумент: преобразование "double" в "int", возможна потеря данных
C:\Users\Dyzak\Desktop\студент 2\лабораторна 3\Project3.3\Project3.3\Money_Public.cpp(19,48): warning C4244: аргумент: преобразование "double" в "int", возможна потеря данных
C:\Users\Dyzak\Desktop\студент 2\лабораторна 3\Project3.3\Project3.3\Money_Public.cpp(19,35): warning C4244: аргумент: преобразование "double" в "int", возможна потеря данных
C:\Users\Dyzak\Desktop\студент 2\лабораторна 3\Project3.3\Project3.3\Money_Public.cpp(19,22): warning C4244: аргумент: преобразование "double" в "int", возможна потеря данных
C:\Users\Dyzak\Desktop\студент 2\лабораторна 3\Project3.3\Project3.3\Money_Public.cpp(30,35): warning C4244: аргумент: преобразование "double" в "int", возможна потеря данных
C:\Users\Dyzak\Desktop\студент 2\лабораторна 3\Project3.3\Project3.3\Money_Public.cpp(35,35): warning C4244: аргумент: преобразование "double" в "int", возможна потеря данных
C:\Users\Dyzak\Desktop\студент 2\лабораторна 3\Project3.3\Project3.3\Money_Public.cpp(41,35): warning C4244: аргумент: преобразование "double" в "int", возможна потеря данных
C:\Users\Dyzak\Desktop\студент 2\лабораторна 3\Project3.3\Project3.3\Money_Public.cpp(47,35): warning C4244: аргумент: преобразование "double" в "int", возможна потеря данных
C:\Users\Dyzak\Desktop\студент 2\лабораторна 3\Project3.3\Project3.3\Money_Public.cpp(52,115): warning C4244: аргумент: преобразование "double" в "int", возможна потеря данных
C:\Users\Dyzak\Desktop\студент 2\лабораторна 3\Project3.3\Project3.3\Money_Public.cpp(52,104): warning C4244: аргумент: преобразование "double" в "int", возможна потеря данных
C:\Users\Dyzak\Desktop\студент 2\лабораторна 3\Project3.3\Project3.3\Money_Public.cpp(52,93): warning C4244: аргумент: преобразование "double" в "int", возможна потеря данных
C:\Users\Dyzak\Desktop\студент 2\лабораторна 3\Project3.3\Project3.3\Money_Public.cpp(52,82): warning C4244: аргумент: преобразование "double" в "int", возможна потеря данных
C:\Users\Dyzak\Desktop\студент 2\лабораторна 3\Project3.3\Project3.3\Money_Public.cpp(52,70): warning C4244: аргумент: преобразование "double" в "int", возможна потеря данных
C:\Users\Dyzak\Desktop\студент 2\лабораторна 3\Project3.3\Project3.3\Money_Public.cpp(52,58): warning C4244: аргумент: преобразование "double" в "int", возможна потеря данных
C:\Users\Dyzak\Desktop\студент 2\лабораторна 3\Project3.3\Project3.3\Money_Public.cpp(52,46): warning C4244: аргумент: преобразование "double" в "int", возможна потеря данных
C:\Users\Dyzak\Desktop\студент 2\лабораторна 3\Project3.3\Project3.3\Money_Public.cpp(52,33): warning C4244: аргумент: преобразование "double" в "int", возможна потеря данных
C:\Users\Dyzak\Desktop\студент 2\лабораторна 3\Project3.3\Project3.3\Money_Public.cpp(52,20): warning C4244: аргумент: преобразование "double" в "int", возможна потеря данных
C:\Users\Dyzak\Desktop\студент 2\лабораторна 3\Project3.3\Project3.3\Money_Public.cpp(106,232): warning C4244: аргумент: преобразование "double" в "int", возможна потеря данных
C:\Users\Dyzak\Desktop\студент 2\лабораторна 3\Project3.3\Project3.3\Money_Public.cpp(106,209): warning C4244: аргумент: преобразование "double" в "int", возможна потеря данных
C:\Users\Dyzak\Desktop\студент 2\лабораторна 3\Project3.3\Project3.3\Money_Public.cpp(106,186): warning C4244: аргумент: преобразование "double" в "int", возможна потеря данных
C:\Users\Dyzak\Desktop\студент 2\лабораторна 3\Project3.3\Project3.3\Money_Public.cpp(106,162): warning C4244: аргумент: преобразование "double" в "int", возможна потеря данных
C:\Users\Dyzak\Desktop\студент 2\лабораторна 3\Project3.3\Project3.3\Money_Public.cpp(106,137): warning C4244: аргумент: преобразование "double" в "int", возможна потеря данных
C:\Users\Dyzak\Desktop\студент 2\лабораторна 3\Project3.3\Project3.3\Money_Public.cpp(106,112): warning C4244: аргумент: преобразование "double" в "int", возможна потеря данных
C:\Users\Dyzak\Desktop\студент 2\лабораторна 3\Project3.3\Project3.3\Money_Public.cpp(106,86): warning C4244: аргумент: преобразование "double" в "int", возможна потеря данных
C:\Users\Dyzak\Desktop\студент 2\лабораторна 3\Project3.3\Project3.3\Money_Public.cpp(106,59): warning C4244: аргумент: преобразование "double" в "int", возможна потеря данных
C:\Users\Dyzak\Desktop\студент 2\лабораторна 3\Project3.3\Project3.3\Money_Public.cpp(106,32): warning C4244: аргумент: преобразование "double" в "int", возможна потеря данных
C:\Users\Dyzak\Desktop\студент 2\лабораторна 3\Project3.3\Project3.3\Money_Public.cpp(112,232): warning C4244: аргумент: преобразование "double" в "int", возможна потеря данных
C:\Users\Dyzak\Desktop\студент 2\лабораторна 3\Project3.3\Project3.3\Money_Public.cpp(112,209): warning C4244: аргумент: преобразование "double" в "int", возможна потеря данных
C:\Users\Dyzak\Desktop\студент 2\лабораторна 3\Project3.3\Project3.3\Money_Public.cpp(112,186): warning C4244: аргумент: преобразование "double" в "int", возможна потеря данных
C:\Users\Dyzak\Desktop\студент 2\лабораторна 3\Project3.3\Project3.3\Money_Public.cpp(112,162): warning C4244: аргумент: преобразование "double" в "int", возможна потеря данных
C:\Users\Dyzak\Desktop\студент 2\лабораторна 3\Project3.3\Project3.3\Money_Public.cpp(112,137): warning C4244: аргумент: преобразование "double" в "int", возможна потеря данных
C:\Users\Dyzak\Desktop\студент 2\лабораторна 3\Project3.3\Project3.3\Money_Public.cpp(112,112): warning C4244: аргумент: преобразование "double" в "int", возможна потеря данных
C:\Users\Dyzak\Desktop\студент 2\лабораторна 3\Project3.3\Project3.3\Money_Public.cpp(112,86): warning C4244: аргумент: преобразование "double" в "int", возможна потеря данных
C:\Users\Dyzak\Desktop\студент 2\лабораторна 3\Project3.3\Project3.3\Money_Public.cpp(112,59): warning C4244: аргумент: преобразование "double" в "int", возможна потеря данных
C:\Users\Dyzak\Desktop\студент 2\лабораторна 3\Project3.3\Project3.3\Money_Public.cpp(112,32): warning C4244: аргумент: преобразование "double" в "int", возможна потеря данных
C:\Users\Dyzak\Desktop\студент 2\лабораторна 3\Project3.3\Project3.3\Money_Public.cpp(119,338): warning C4244: аргумент: преобразование "double" в "int", возможна потеря данных
C:\Users\Dyzak\Desktop\студент 2\лабораторна 3\Project3.3\Project3.3\Money_Public.cpp(119,304): warning C4244: аргумент: преобразование "double" в "int", возможна потеря данных
C:\Users\Dyzak\Desktop\студент 2\лабораторна 3\Project3.3\Project3.3\Money_Public.cpp(119,270): warning C4244: аргумент: преобразование "double" в "int", возможна потеря данных
C:\Users\Dyzak\Desktop\студент 2\лабораторна 3\Project3.3\Project3.3\Money_Public.cpp(119,236): warning C4244: аргумент: преобразование "double" в "int", возможна потеря данных
C:\Users\Dyzak\Desktop\студент 2\лабораторна 3\Project3.3\Project3.3\Money_Public.cpp(119,200): warning C4244: аргумент: преобразование "double" в "int", возможна потеря данных
C:\Users\Dyzak\Desktop\студент 2\лабораторна 3\Project3.3\Project3.3\Money_Public.cpp(119,164): warning C4244: аргумент: преобразование "double" в "int", возможна потеря данных
C:\Users\Dyzak\Desktop\студент 2\лабораторна 3\Project3.3\Project3.3\Money_Public.cpp(119,128): warning C4244: аргумент: преобразование "double" в "int", возможна потеря данных
C:\Users\Dyzak\Desktop\студент 2\лабораторна 3\Project3.3\Project3.3\Money_Public.cpp(119,90): warning C4244: аргумент: преобразование "double" в "int", возможна потеря данных
C:\Users\Dyzak\Desktop\студент 2\лабораторна 3\Project3.3\Project3.3\Money_Public.cpp(119,52): warning C4244: аргумент: преобразование "double" в "int", возможна потеря данных
  Source.cpp
C:\Users\Dyzak\Desktop\студент 2\лабораторна 3\Project3.3\Project3.3\Source.cpp(14,12): warning C4101: N: неиспользованная локальная переменная
  Создание кода...
  Project3.3.vcxproj -> C:\Users\Dyzak\Desktop\студент 2\лабораторна 3\Project3.3\x64\Debug\Project3.3.exe
